2022-06-24 12:21:08 [34mINFO [0;39m [36mplay.api.http.EnabledFilters[0;39m [35m[0;39m Enabled Filters (see <https://www.playframework.com/documentation/latest/Filters>):

    play.filters.csrf.CSRFFilter
    play.filters.headers.SecurityHeadersFilter
    play.filters.hosts.AllowedHostsFilter

2022-06-24 12:21:09 [34mINFO [0;39m [36mplay.api.Play[0;39m [35m[0;39m Application started (Dev) (no global state)
2022-06-24 12:21:09 [31mWARN [0;39m [36mp.api.mvc.DefaultJWTCookieDataCodec[0;39m [35m[0;39m decode: cookie has invalid signature! message = JWT signature does not match locally computed signature. JWT validity cannot be asserted and should not be trusted.
2022-06-24 12:21:09 [31mWARN [0;39m [36mp.api.mvc.DefaultJWTCookieDataCodec[0;39m [35m[0;39m decode: cookie has invalid signature! message = JWT signature does not match locally computed signature. JWT validity cannot be asserted and should not be trusted.
2022-06-24 12:21:09 [34mINFO [0;39m [36mp.api.mvc.DefaultJWTCookieDataCodec[0;39m [35m[0;39m The JWT signature in the cookie does not match the locally computed signature with the server. This usually indicates the browser has a leftover cookie from another Play application, so clearing cookies may resolve this error message.
2022-06-24 12:21:09 [34mINFO [0;39m [36mp.api.mvc.DefaultJWTCookieDataCodec[0;39m [35m[0;39m The JWT signature in the cookie does not match the locally computed signature with the server. This usually indicates the browser has a leftover cookie from another Play application, so clearing cookies may resolve this error message.
2022-06-24 12:21:22 [31mWARN [0;39m [36mp.api.mvc.DefaultJWTCookieDataCodec[0;39m [35m[0;39m decode: cookie has invalid signature! message = JWT signature does not match locally computed signature. JWT validity cannot be asserted and should not be trusted.
2022-06-24 12:21:22 [34mINFO [0;39m [36mp.api.mvc.DefaultJWTCookieDataCodec[0;39m [35m[0;39m The JWT signature in the cookie does not match the locally computed signature with the server. This usually indicates the browser has a leftover cookie from another Play application, so clearing cookies may resolve this error message.
2022-06-24 12:22:51 [31mWARN [0;39m [36mp.api.mvc.DefaultJWTCookieDataCodec[0;39m [35m[0;39m decode: cookie has invalid signature! message = JWT signature does not match locally computed signature. JWT validity cannot be asserted and should not be trusted.
2022-06-24 12:22:51 [34mINFO [0;39m [36mp.api.mvc.DefaultJWTCookieDataCodec[0;39m [35m[0;39m The JWT signature in the cookie does not match the locally computed signature with the server. This usually indicates the browser has a leftover cookie from another Play application, so clearing cookies may resolve this error message.
2022-06-24 12:25:31 [31mWARN [0;39m [36mp.api.mvc.DefaultJWTCookieDataCodec[0;39m [35m[0;39m decode: cookie has invalid signature! message = JWT signature does not match locally computed signature. JWT validity cannot be asserted and should not be trusted.
2022-06-24 12:25:31 [34mINFO [0;39m [36mp.api.mvc.DefaultJWTCookieDataCodec[0;39m [35m[0;39m The JWT signature in the cookie does not match the locally computed signature with the server. This usually indicates the browser has a leftover cookie from another Play application, so clearing cookies may resolve this error message.
2022-06-24 12:27:24 [31mWARN [0;39m [36mp.api.mvc.DefaultJWTCookieDataCodec[0;39m [35m[0;39m decode: cookie has invalid signature! message = JWT signature does not match locally computed signature. JWT validity cannot be asserted and should not be trusted.
2022-06-24 12:27:24 [34mINFO [0;39m [36mp.api.mvc.DefaultJWTCookieDataCodec[0;39m [35m[0;39m The JWT signature in the cookie does not match the locally computed signature with the server. This usually indicates the browser has a leftover cookie from another Play application, so clearing cookies may resolve this error message.
2022-06-24 12:30:32 [34mINFO [0;39m [36mplay.core.server.AkkaHttpServer[0;39m [35m[0;39m Stopping Akka HTTP server...
2022-06-24 12:30:32 [34mINFO [0;39m [36mplay.core.server.AkkaHttpServer[0;39m [35m[0;39m Terminating server binding for /0:0:0:0:0:0:0:0:9000
2022-06-24 12:30:32 [34mINFO [0;39m [36mp.m.r.DefaultReactiveMongoApi[0;39m [35m[0;39m ReactiveMongoApi stopping...
2022-06-24 12:30:32 [34mINFO [0;39m [36mp.m.r.DefaultReactiveMongoApi[0;39m [35m[0;39m ReactiveMongoApi connections are stopped
2022-06-24 12:30:33 [31mWARN [0;39m [36makka.actor.CoordinatedShutdown[0;39m [35mCoordinatedShutdown(akka://reactivemongo)[0;39m Could not addJvmShutdownHook, due to: Shutdown in progress
2022-06-24 12:30:33 [34mINFO [0;39m [36mplay.core.server.AkkaHttpServer[0;39m [35m[0;39m Running provided shutdown stop hooks
